1696503849,,,E:\Torrents\Criminal (2016) [1080p] [YTS.AG]\Criminal.2016.1080p.BluRay.x264-[YTS.AG].mp4,102
1696504008,100,PSArips.com | Indiana.Jones.and.the.Dial.of.Destiny.2023.2160p.HDR10Plus.DV.WEBRip.6CH.x265.HEVC-PSA,E:\Torrents\Indiana.Jones.and.the.Dial.of.Destiny.2023.2160p.HDR10Plus.DV.WEBRip.6CH.x265.HEVC-PSA\Indiana.Jones.and.the.Dial.of.Destiny.2023.2160p.HDR10Plus.DV.WEBRip.6CH.x265.HEVC-PSA.mkv,305
1696504195,100,PSArips.com | Indiana.Jones.and.the.Dial.of.Destiny.2023.2160p.HDR10Plus.DV.WEBRip.6CH.x265.HEVC-PSA,E:\Torrents\Indiana.Jones.and.the.Dial.of.Destiny.2023.2160p.HDR10Plus.DV.WEBRip.6CH.x265.HEVC-PSA\Indiana.Jones.and.the.Dial.of.Destiny.2023.2160p.HDR10Plus.DV.WEBRip.6CH.x265.HEVC-PSA.mkv,305
1696534166,,,E:\Linux\Me\Kurulus Osman S05\131.mp4,50
1696668668,,,E:\Torrents\Criminal (2016) [1080p] [YTS.AG]\Criminal.2016.1080p.BluRay.x264-[YTS.AG].mp4,102
1696668696,,,E:\Torrents\Criminal (2016) [1080p] [YTS.AG]\Criminal.2016.1080p.BluRay.x264-[YTS.AG].mp4,102
1696668754,,,E:\Torrents\Criminal (2016) [1080p] [YTS.AG]/Criminal.2016.1080p.BluRay.x264-[YTS.AG].mp4,102
1696668877,100,PSArips.com | Indiana.Jones.and.the.Dial.of.Destiny.2023.2160p.HDR10Plus.DV.WEBRip.6CH.x265.HEVC-PSA,E:\Torrents\Indiana.Jones.and.the.Dial.of.Destiny.2023.2160p.HDR10Plus.DV.WEBRip.6CH.x265.HEVC-PSA\Indiana.Jones.and.the.Dial.of.Destiny.2023.2160p.HDR10Plus.DV.WEBRip.6CH.x265.HEVC-PSA.mkv,305
1696669450,100,PSArips.com | Indiana.Jones.and.the.Dial.of.Destiny.2023.2160p.HDR10Plus.DV.WEBRip.6CH.x265.HEVC-PSA,E:\Torrents\Indiana.Jones.and.the.Dial.of.Destiny.2023.2160p.HDR10Plus.DV.WEBRip.6CH.x265.HEVC-PSA\Indiana.Jones.and.the.Dial.of.Destiny.2023.2160p.HDR10Plus.DV.WEBRip.6CH.x265.HEVC-PSA.mkv,305
1696669675,72,PSArips.com | Meg.2.The.Trench.2023.1080p.10bit.WEBRip.6CH.x265.HEVC-PSA,E:\Torrents\Meg.2.The.Trench.2023.1080p.10bit.WEBRip.6CH.x265.HEVC-PSA\Meg.2.The.Trench.2023.1080p.10bit.WEBRip.6CH.x265.HEVC-PSA.mkv,220
1696669914,72,PSArips.com | Meg.2.The.Trench.2023.1080p.10bit.WEBRip.6CH.x265.HEVC-PSA,E:\Torrents\Meg.2.The.Trench.2023.1080p.10bit.WEBRip.6CH.x265.HEVC-PSA\Meg.2.The.Trench.2023.1080p.10bit.WEBRip.6CH.x265.HEVC-PSA.mkv,220
1696671182,72,PSArips.com | Meg.2.The.Trench.2023.1080p.10bit.WEBRip.6CH.x265.HEVC-PSA,E:\Torrents\Meg.2.The.Trench.2023.1080p.10bit.WEBRip.6CH.x265.HEVC-PSA\Meg.2.The.Trench.2023.1080p.10bit.WEBRip.6CH.x265.HEVC-PSA.mkv,220
1696880281,,,C:\Users\Sentaku\Downloads\2_5269565928890186802.MP4,65
1696882576,,,C:\Users\Sentaku\Downloads\Video\wow_that_plot_twist_really_got_me_worth_the_listen.mkv,100
1697279507,,,E:\NAnime\TVs\Yamada-kun to Lv999 no Koi wo Suru/1.mkv,67
1697280707,,,E:\NAnime\TVs\Yamada-kun to Lv999 no Koi wo Suru/1.mkv,67
1697281849,,,E:\NAnime\TVs\Tate no Yuusha S03\[Judas] Tate no Yuusha - S03E01.mkv,81
1697281965,,,E:\NAnime\TVs\Tate no Yuusha S03\[Judas] Tate no Yuusha - S03E01.mkv,81
1697286851,,,E:\NAnime\TVs\Tate no Yuusha S03\[Judas] Tate no Yuusha - S03E02.mkv,81
1697399119,,,E:\NAnime\TVs\One Piece\[Judas] One Piece - 1079.mkv,65
1697455374,,,C:\Users\Sentaku\Downloads\You.Who.Came.From.The.Stars.E02.480p.BluRay.x264-Pahe.in.mkv,100
1697458160,,,C:\Users\Sentaku\Downloads\My.Love.From.The.Star.S01\2.mkv,71
1697458479,,,C:\Users\Sentaku\Downloads\My.Love.From.The.Star.S01\2.mkv,71
1697458787,,,C:\Users\Sentaku\Downloads\My.Love.From.The.Star.S01\2.mkv,71
1697475180,,,E:\NAnime\TVs\Dr.Stone New World\1.mkv,51
1697477363,,,E:\NAnime\TVs\Dr.Stone New World\2.mkv,51
1698079833,,,C:\Users\Sentaku\Downloads\Doona.S01E03.Spring.Breeze.1080p.WEB-DL.x265.10Bit.6CH-Pahe.in.mkv,106
1698234653,85,PSArips.com | The.Good.Doctor.S03E10.Friends.and.Family.720p.WEBRip.2CH.x265.HEVC-PSA,E:\Torrents\The.Good.Doctor.SEASON.03.S03.COMPLETE.720p.WEBRip.2CH.x265.HEVC-PSA\The.Good.Doctor.S03E10.Friends.and.Family.720p.WEBRip.2CH.x265.HEVC-PSA.mkv,256
1698235540,73,PSArips.com | The.Good.Doctor.S03E15.Unsaid.720p.WEBRip.2CH.x265.HEVC-PSA,E:\Torrents\The.Good.Doctor.SEASON.03.S03.COMPLETE.720p.WEBRip.2CH.x265.HEVC-PSA\The.Good.Doctor.S03E15.Unsaid.720p.WEBRip.2CH.x265.HEVC-PSA.mkv,232
1698235556,85,PSArips.com | The.Good.Doctor.S03E10.Friends.and.Family.720p.WEBRip.2CH.x265.HEVC-PSA,E:\Torrents\The.Good.Doctor.SEASON.03.S03.COMPLETE.720p.WEBRip.2CH.x265.HEVC-PSA\The.Good.Doctor.S03E10.Friends.and.Family.720p.WEBRip.2CH.x265.HEVC-PSA.mkv,256
1698785450,,,/run/media/sentaku/SentakuDrive/Movies&TVs/Dr.Stone New World/1.mkv,80
1698785554,,,/run/media/sentaku/SentakuDrive/Movies&TVs/Dr.Stone New World/1.mkv,80
1698785744,,,/run/media/sentaku/SentakuDrive/Movies&TVs/Dr.Stone New World/1.mkv,80
1698785756,,,/run/media/sentaku/SentakuDrive/Movies&TVs/Dr.Stone New World/1.mkv,80
1698785815,100,PSArips.com | Indiana.Jones.and.the.Dial.of.Destiny.2023.2160p.HDR10Plus.DV.WEBRip.6CH.x265.HEVC-PSA,/run/media/sentaku/SentakuDrive/Movies&TVs/Indiana.Jones.and.the.Dial.of.Destiny.2023.2160p.HDR10Plus.DV.WEBRip.6CH.x265.HEVC-PSA/Indiana.Jones.and.the.Dial.of.Destiny.2023.2160p.HDR10Plus.DV.WEBRip.6CH.x265.HEVC-PSA.mkv,336
1698866222,,,/run/media/sentaku/C4E6ECB0E6ECA440/NAnime/TVs/One Piece/1.mkv,75
1698867067,,,/run/media/sentaku/C4E6ECB0E6ECA440/NAnime/TVs/One Piece/1.mkv,75
1698867383,,,/run/media/sentaku/C4E6ECB0E6ECA440/NAnime/TVs/One Piece/1.mkv,75
1698868021,,,/run/media/sentaku/C4E6ECB0E6ECA440/NAnime/TVs/One Piece/1.mkv,75
1698911026,,,/home/sentaku/Downloads/134.mp4,44
1699253275,,,/home/sentaku/Downloads/rapidsave.com_-02vhpc0csdyb1.mp4,69
1699378199,,,/home/sentaku/Downloads/61.mp4,43
1699382854,,,/run/media/sentaku/YASSER/134.mp4,46
1707507213,47,The.Blackout.2019.RUSSIAN.1080p.BluRay.x265-VXT,/run/media/sentaku/C4E6ECB0E6ECA440/Torrents/The.Blackout.2019.RUSSIAN.1080p.BluRay.x265-VXT/The.Blackout.2019.RUSSIAN.1080p.BluRay.x265-VXT.mp4,206
1707507249,,,/run/media/sentaku/C4E6ECB0E6ECA440/NAnime/TVs/[AnimeRG] Evil or Live (Complete Series) EP 01-12 [1080p] [Multi-Sub] [HEVC] [x265] [pseudo]/[AnimeRG] Evil or Live - 01 [1080p] [Multi-Sub] [x265] [pseudo].mkv,220
1707507267,,,/run/media/sentaku/C4E6ECB0E6ECA440/NAnime/TVs/[Judas] Hunter x Hunter (2011) (Complete Series + Movies) [BD 1080p][HEVC x265 10bit][Dual-Audio][Eng-Subs]/[Judas] Hunter x Hunter (2011) - Episodes 001-148/32.mkv,224
1707507270,,,/run/media/sentaku/C4E6ECB0E6ECA440/NAnime/TVs/[Judas] Hunter x Hunter (2011) (Complete Series + Movies) [BD 1080p][HEVC x265 10bit][Dual-Audio][Eng-Subs]/[Judas] Hunter x Hunter (2011) - Episodes 001-148/33.mkv,224
1707507273,,,/run/media/sentaku/C4E6ECB0E6ECA440/NAnime/TVs/[Judas] Hunter x Hunter (2011) (Complete Series + Movies) [BD 1080p][HEVC x265 10bit][Dual-Audio][Eng-Subs]/[Judas] Hunter x Hunter (2011) - Episodes 001-148/34.mkv,224
1707507274,,,/run/media/sentaku/C4E6ECB0E6ECA440/NAnime/TVs/[Judas] Hunter x Hunter (2011) (Complete Series + Movies) [BD 1080p][HEVC x265 10bit][Dual-Audio][Eng-Subs]/[Judas] Hunter x Hunter (2011) - Episodes 001-148/33.mkv,224
1707507276,,,/run/media/sentaku/C4E6ECB0E6ECA440/NAnime/TVs/[Judas] Hunter x Hunter (2011) (Complete Series + Movies) [BD 1080p][HEVC x265 10bit][Dual-Audio][Eng-Subs]/[Judas] Hunter x Hunter (2011) - Episodes 001-148/32.mkv,224
1707507278,,,/run/media/sentaku/C4E6ECB0E6ECA440/NAnime/TVs/[Judas] Hunter x Hunter (2011) (Complete Series + Movies) [BD 1080p][HEVC x265 10bit][Dual-Audio][Eng-Subs]/[Judas] Hunter x Hunter (2011) - Episodes 001-148/33.mkv,224
1707507280,,,/run/media/sentaku/C4E6ECB0E6ECA440/NAnime/TVs/[Judas] Hunter x Hunter (2011) (Complete Series + Movies) [BD 1080p][HEVC x265 10bit][Dual-Audio][Eng-Subs]/[Judas] Hunter x Hunter (2011) - Episodes 001-148/34.mkv,224
1707507282,,,/run/media/sentaku/C4E6ECB0E6ECA440/NAnime/TVs/[Judas] Hunter x Hunter (2011) (Complete Series + Movies) [BD 1080p][HEVC x265 10bit][Dual-Audio][Eng-Subs]/[Judas] Hunter x Hunter (2011) - Episodes 001-148/35.mkv,224
1707507283,,,/run/media/sentaku/C4E6ECB0E6ECA440/NAnime/TVs/[Judas] Hunter x Hunter (2011) (Complete Series + Movies) [BD 1080p][HEVC x265 10bit][Dual-Audio][Eng-Subs]/[Judas] Hunter x Hunter (2011) - Episodes 001-148/36.mkv,224
1707507284,,,/run/media/sentaku/C4E6ECB0E6ECA440/NAnime/TVs/[Judas] Hunter x Hunter (2011) (Complete Series + Movies) [BD 1080p][HEVC x265 10bit][Dual-Audio][Eng-Subs]/[Judas] Hunter x Hunter (2011) - Episodes 001-148/37.mkv,224
1707507285,,,/run/media/sentaku/C4E6ECB0E6ECA440/NAnime/TVs/[Judas] Hunter x Hunter (2011) (Complete Series + Movies) [BD 1080p][HEVC x265 10bit][Dual-Audio][Eng-Subs]/[Judas] Hunter x Hunter (2011) - Episodes 001-148/36.mkv,224
1707507286,,,/run/media/sentaku/C4E6ECB0E6ECA440/NAnime/TVs/[Judas] Hunter x Hunter (2011) (Complete Series + Movies) [BD 1080p][HEVC x265 10bit][Dual-Audio][Eng-Subs]/[Judas] Hunter x Hunter (2011) - Episodes 001-148/35.mkv,224
1707507287,,,/run/media/sentaku/C4E6ECB0E6ECA440/NAnime/TVs/[Judas] Hunter x Hunter (2011) (Complete Series + Movies) [BD 1080p][HEVC x265 10bit][Dual-Audio][Eng-Subs]/[Judas] Hunter x Hunter (2011) - Episodes 001-148/34.mkv,224
1707507289,,,/run/media/sentaku/C4E6ECB0E6ECA440/NAnime/TVs/[Judas] Hunter x Hunter (2011) (Complete Series + Movies) [BD 1080p][HEVC x265 10bit][Dual-Audio][Eng-Subs]/[Judas] Hunter x Hunter (2011) - Episodes 001-148/33.mkv,224
1707507290,,,/run/media/sentaku/C4E6ECB0E6ECA440/NAnime/TVs/[Judas] Hunter x Hunter (2011) (Complete Series + Movies) [BD 1080p][HEVC x265 10bit][Dual-Audio][Eng-Subs]/[Judas] Hunter x Hunter (2011) - Episodes 001-148/32.mkv,224
1707507291,,,/run/media/sentaku/C4E6ECB0E6ECA440/NAnime/TVs/[Judas] Hunter x Hunter (2011) (Complete Series + Movies) [BD 1080p][HEVC x265 10bit][Dual-Audio][Eng-Subs]/[Judas] Hunter x Hunter (2011) - Episodes 001-148/33.mkv,224
1707507291,,,/run/media/sentaku/C4E6ECB0E6ECA440/NAnime/TVs/[Judas] Hunter x Hunter (2011) (Complete Series + Movies) [BD 1080p][HEVC x265 10bit][Dual-Audio][Eng-Subs]/[Judas] Hunter x Hunter (2011) - Episodes 001-148/34.mkv,224
1707507296,,,/run/media/sentaku/C4E6ECB0E6ECA440/NAnime/TVs/[Judas] Hunter x Hunter (2011) (Complete Series + Movies) [BD 1080p][HEVC x265 10bit][Dual-Audio][Eng-Subs]/[Judas] Hunter x Hunter (2011) - Episodes 001-148/33.mkv,224
1707507315,,,/run/media/sentaku/C4E6ECB0E6ECA440/NAnime/TVs/[Judas] Hunter x Hunter (2011) (Complete Series + Movies) [BD 1080p][HEVC x265 10bit][Dual-Audio][Eng-Subs]/[Judas] Hunter x Hunter (2011) - Episodes 001-148/34.mkv,224
1707507316,,,/run/media/sentaku/C4E6ECB0E6ECA440/NAnime/TVs/[Judas] Hunter x Hunter (2011) (Complete Series + Movies) [BD 1080p][HEVC x265 10bit][Dual-Audio][Eng-Subs]/[Judas] Hunter x Hunter (2011) - Episodes 001-148/35.mkv,224
1707507317,,,/run/media/sentaku/C4E6ECB0E6ECA440/NAnime/TVs/[Judas] Hunter x Hunter (2011) (Complete Series + Movies) [BD 1080p][HEVC x265 10bit][Dual-Audio][Eng-Subs]/[Judas] Hunter x Hunter (2011) - Episodes 001-148/34.mkv,224
1707507317,,,/run/media/sentaku/C4E6ECB0E6ECA440/NAnime/TVs/[Judas] Hunter x Hunter (2011) (Complete Series + Movies) [BD 1080p][HEVC x265 10bit][Dual-Audio][Eng-Subs]/[Judas] Hunter x Hunter (2011) - Episodes 001-148/33.mkv,224
1707507317,,,/run/media/sentaku/C4E6ECB0E6ECA440/NAnime/TVs/[Judas] Hunter x Hunter (2011) (Complete Series + Movies) [BD 1080p][HEVC x265 10bit][Dual-Audio][Eng-Subs]/[Judas] Hunter x Hunter (2011) - Episodes 001-148/32.mkv,224
1707507319,,,/run/media/sentaku/C4E6ECB0E6ECA440/NAnime/TVs/[Judas] Hunter x Hunter (2011) (Complete Series + Movies) [BD 1080p][HEVC x265 10bit][Dual-Audio][Eng-Subs]/[Judas] Hunter x Hunter (2011) - Episodes 001-148/33.mkv,224
1707507320,,,/run/media/sentaku/C4E6ECB0E6ECA440/NAnime/TVs/[Judas] Hunter x Hunter (2011) (Complete Series + Movies) [BD 1080p][HEVC x265 10bit][Dual-Audio][Eng-Subs]/[Judas] Hunter x Hunter (2011) - Episodes 001-148/32.mkv,224
1707638784,,,/run/media/sentaku/C4E6ECB0E6ECA440/NAnime/Sessional-New/Boku no Kokoro no Yabai Yatsu/[ASW] Boku no Kokoro no Yabai Yatsu - 17 [1080p HEVC][9B28D532].mkv,167
1707817267,,,/run/media/sentaku/C4E6ECB0E6ECA440/NAnime/Sessional-New/Kingdom S05/3.mkv,87
1707817391,,,/run/media/sentaku/C4E6ECB0E6ECA440/NAnime/Sessional-New/Solo Leveling/[DKB] Solo Leveling - S01E04 [1080p][HEVC x265 10bit][Multi-Subs].mkv,153
1707817405,,,/run/media/sentaku/C4E6ECB0E6ECA440/NAnime/Sessional-New/Solo Leveling/[DKB] Solo Leveling - S01E05 [1080p][HEVC x265 10bit][Multi-Subs].mkv,153
1707817884,,,/run/media/sentaku/C4E6ECB0E6ECA440/NAnime/Sessional-New/Solo Leveling/[DKB] Solo Leveling - S01E06 [1080p][HEVC x265 10bit][Multi-Subs].mkv,153
1708000397,,,/home/sentaku/Downloads/18.mp4,43
1708113308,6,S01E01,/run/media/sentaku/C4E6ECB0E6ECA440/NAnime/Sessional-New/Ninja Kamui/[EMBER] Ninja Kamui - 01.mkv,117
1708166276,,,/run/media/sentaku/C4E6ECB0E6ECA440/NAnime/TVs/[Judas] Kage no Jitsuryokusha ni Naritakute! (The Eminence in Shadow) (Season 2) [1080p][HEVC x265 10bit][Dual-Audio][Eng-Subs]/[Judas] Kage no Jitsuryokusha ni Naritakute! - S01E01v2.mkv,247
1708251884,,,/run/media/sentaku/C4E6ECB0E6ECA440/NAnime/Sessional-New/Solo Leveling/[DKB] Solo Leveling - S01E07 [1080p][HEVC x265 10bit][Multi-Subs].mkv,153
1708251928,,,/run/media/sentaku/C4E6ECB0E6ECA440/Linux/Me/Backstreet Rookie S01 NF WEB-DL 720p x265 10Bit [Pahe.li]/12.mkv,122
1708254442,,,/run/media/sentaku/C4E6ECB0E6ECA440/Linux/Me/MyDemon.S01/9.mkv,75
1708551483,,,/run/media/sentaku/C4E6ECB0E6ECA440/NAnime/Sessional-New/[Judas] ShanFro - S01E19.mkv,98
1708606233,,,/home/sentaku/recording.mkv,40
1708606255,,,archive:///home/sentaku/Documents/Mosa3id-Mohandis/تحليل وتصميم نظام SI.docx|/word/media/image1.png,127
1708606256,,,archive:///home/sentaku/Documents/Mosa3id-Mohandis/عمل تطبيقي في الشبكات.docx|/word/media/image1.jpeg,132
1708606258,,,/home/sentaku/Downloads/13.mp4,43
1708606507,,,/home/sentaku/recording.mp4,40
1708607107,,,archive:///home/sentaku/Documents/Mosa3id-Mohandis/تحليل وتصميم نظام SI.docx|/word/media/image1.png,127
1708607108,,,archive:///home/sentaku/Documents/Mosa3id-Mohandis/عمل تطبيقي في الشبكات.docx|/word/media/image1.jpeg,132
1708607109,,,/home/sentaku/Downloads/13.mp4,43
1708607113,,,archive:///home/sentaku/Documents/Mosa3id-Mohandis/تحليل وتصميم نظام SI.docx|/word/media/image1.png,127
1708607114,,,archive:///home/sentaku/Documents/Mosa3id-Mohandis/عمل تطبيقي في الشبكات.docx|/word/media/image1.jpeg,132
1708608302,,,/home/sentaku/recording.mp4,40
1708608303,,,archive:///home/sentaku/Documents/Mosa3id-Mohandis/عمل تطبيقي في الشبكات.docx|/word/media/image1.jpeg,132
1708608304,,,/home/sentaku/Downloads/398392600_122139560498017420_2604397411170710557_n.jpg,91
1708608305,,,/home/sentaku/Downloads/398496250_122139560462017420_3438389599115666217_n.jpg,91
1708608306,,,/home/sentaku/Downloads/398496482_122139560474017420_6118983985510090624_n.jpg,91
1708608612,,,/home/sentaku/Videos/recording.mp4,47
1708609008,,,/home/sentaku/Videos/recording.mp4,47
1708609277,,,/home/sentaku/Videos/recording.mp4,47
1708623426,,,/run/media/sentaku/C4E6ECB0E6ECA440/NAnime/TVs/[Anime Time] The Daily Life Of The Immortal King (S01+S02+S03) [Dual Audio]  [1080p][HEVC 10bit x265][AAC][Eng Sub]/Season 01/[Anime Time] The Daily Life of the Immortal King - 01.mkv,243
1708623789,,,/run/media/sentaku/SentakuSan/Movies/TDLOTIK/[Anime Time] The Daily Life of the Immortal King - 15.mkv,115
1708785004,,,/run/media/sentaku/C4E6ECB0E6ECA440/NAnime/TVs/[ASW] Kusuriya no Hitorigoto/17.mkv,95
1708792171,,,/run/media/sentaku/C4E6ECB0E6ECA440/NAnime/TVs/[Judas] Kage no Jitsuryokusha ni Naritakute! (The Eminence in Shadow) (Season 2) [1080p][HEVC x265 10bit][Dual-Audio][Eng-Subs]/1.mkv,193
1708938388,,,/run/media/sentaku/C4E6ECB0E6ECA440/NAnime/Sessional-New/[Judas] ShanFro - S01E20.mkv,98
1709067125,,,/run/media/sentaku/C4E6ECB0E6ECA440/Linux/Me/Shogun/Shogun.2024.S01E01.DV.HDR.2160p.WEB.H265-SuccessfulCrab[TGx]/1.mkv,131
1709125823,,,/run/media/sentaku/C4E6ECB0E6ECA440/NAnime/Sessional-New/Boku no Kokoro no Yabai Yatsu/15.mkv,106
1709125845,,,/run/media/sentaku/C4E6ECB0E6ECA440/NAnime/Sessional-New/Boku no Kokoro no Yabai Yatsu/14.mkv,106
1709125847,,,/run/media/sentaku/C4E6ECB0E6ECA440/NAnime/Sessional-New/Boku no Kokoro no Yabai Yatsu/15.mkv,106
1709125850,,,/run/media/sentaku/C4E6ECB0E6ECA440/NAnime/Sessional-New/Boku no Kokoro no Yabai Yatsu/16.mkv,106
1709125876,,,/run/media/sentaku/C4E6ECB0E6ECA440/NAnime/Sessional-New/Boku no Kokoro no Yabai Yatsu/17.mkv,106
1709126035,,,/run/media/sentaku/C4E6ECB0E6ECA440/NAnime/TVs/[Judas] Kage no Jitsuryokusha ni Naritakute! (The Eminence in Shadow) (Season 2) [1080p][HEVC x265 10bit][Dual-Audio][Eng-Subs]/1.mkv,193
1709126053,,,/run/media/sentaku/C4E6ECB0E6ECA440/NAnime/TVs/Ijiranaide, Nagatoro-san S02/12.mkv,95
1709126282,68,GalaxyRG - Millers.Girl.2024.1080p.WEBRip.1400MB.DD5.1.x264-GalaxyRG,/run/media/sentaku/C4E6ECB0E6ECA440/Torrents/Millers.Girl.2024.1080p.WEBRip.1400MB.DD5.1.x264-GalaxyRG[TGx]/Millers.Girl.2024.1080p.WEBRip.1400MB.DD5.1.x264-GalaxyRG.mkv,252
1709126332,68,GalaxyRG - Millers.Girl.2024.1080p.WEBRip.1400MB.DD5.1.x264-GalaxyRG,/run/media/sentaku/C4E6ECB0E6ECA440/Torrents/Millers.Girl.2024.1080p.WEBRip.1400MB.DD5.1.x264-GalaxyRG[TGx]/Millers.Girl.2024.1080p.WEBRip.1400MB.DD5.1.x264-GalaxyRG.mkv,252
1709136150,,,/home/sentaku/Downloads/[arabseed].Selahattin.Eyyubi.S01.Ep14.720p.mp4,83
1709200741,,,/run/media/sentaku/C4E6ECB0E6ECA440/NAnime/Sessional-New/[Judas] Dr Stone - S03E19.mkv,99
1709241570,,,/home/sentaku/Videos/recording.mp4,47
1709287947,,,/home/sentaku/Videos/recording.mp4,47
1709487540,,,/Archive/NAnime/TVs/[ASW] Kusuriya no Hitorigoto/21.mkv,68
1709487593,,,/Archive/NAnime/TVs/[ASW] Kusuriya no Hitorigoto/21.mkv,68
1709504816,,,/Archive/NAnime/TVs/Boku no Kokoro no Yabai Yatsu/13.mkv,69
1709506057,,,/Archive/NAnime/TVs/Solo Leveling/[DKB] Solo Leveling - S01E08 [1080p][HEVC x265 10bit][Multi-Subs].mkv,116
1709506104,,,/Archive/NAnime/TVs/Solo Leveling/[DKB] Solo Leveling - S01E08 [1080p][HEVC x265 10bit][Multi-Subs].mkv,116
1709537929,,,http://localhost:8096/Items/2ed079739b0b2f5db549015811464f2a/Download?api_key=6344ec67d62c4f33b59d6c84c84fe058,123
1709538004,,,/Archive/NAnime/TVs/Boku no Kokoro no Yabai Yatsu/17.mkv,69
